hin_test_001 " ise_PRP navAba_RP SAhajehana_JJ ne_PSP banavAyA_QC WA_VM ._VAUX " 
hin_test_002 " isakA_PRP praveSa_NN xvAra_PSP xo_QC maMjilA_JJ hE_VM ._VAUX " 
hin_test_003 " pUrI_JJ imArawa_NN behaxa_INTF KUbasUrawa_JJ hE_VM ._VAUX " 
hin_test_004 " yaha_DEM hiMxU_NN Ora_CC mugala_JJ kalA_NN kA_PSP axBuwa_QC saMgama_JJ hE_VM ._VAUX " 
hin_test_005 " yaha_DEM BArawa_NNP kI_PSP anUTI_QC rARtrIya_JJ saMsWA_NN hE_VM ._VAUX " 
hin_test_006 " ise_PRP cArlsa_RP koriyA_JJ ne_PSP dijAina_QC kiyA_VM hE_VAUX ._VAUX " 
hin_test_007 " saMgrahAlaya_DEM somavAra_NNP ko_PSP baMxa_QC rahawA_VAUX hE_VAUX ._VAUX " 
hin_test_008 " yaha_DEM arerA_NN hilsa_NST para_PSP sWiwa_JJ hE_VM ._VAUX " 
hin_test_009 " yaha_DEM 445_NN "_NST hEkteyara_RP meM_PSP PElA_VAUX hE_VAUX ._VAUX " 
hin_test_010 " kEse_DEM pahuzce_NNP ?_NNP " 
hin_test_011 " BopAla_JJ ,_NN xillI_NNP -_PSP maxrAsa_NNP mena_PSP lAina_JJ para_PSP hE_VM ._VAUX " 
hin_test_012 " kaba_DEM jAez_NNP ?_NNP " 
hin_test_013 " varRa_NN meM_PSP kaBI_PRP BI_RP Apa_PRP yahAz_PRP jA_VM sakawe_VAUX hEM_VAUX ._VAUX " 
hin_test_014 " jinameM_DEM rAjA_NN bIra_NNP siMha_NNP jUxeva_PSP kA_PSP nAma_NN pramuKa_JJ hE_VM ._VAUX " 
hin_test_015 " Upara_NST kI_PSP ora_NST SAnaxAra_RP CawariyAz_VM isakI_PRP SoBA_NN baDZAwI_PSP hEM_VAUX ._VAUX " 
hin_test_016 " yahAz_PRP ke_PSP KUbasUrawa_QC swaMBa_NN mana_NN moha_VM lewe_VAUX hEM_VAUX ._VAUX " 
hin_test_017 " yaha_DEM aPagAnI_NN kalA_NN kA_PSP bejodZa_QC uxAharaNa_NN hE_VM ._VAUX " 
hin_test_018 " kEse_DEM jAez_NNP " 
hin_test_019 " kaba_DEM jAez_NNP ,_NNP " 
hin_test_020 " isa_DEM samaya_NN yahAz_PRP paryatakoM_RP kA_PSP melA_QC lagA_VAUX rahawA_VAUX hE_VAUX ._VAUX " 
hin_test_021 " yahAz_PRP Ama_JJ paryataka_NN ko_PSP praveSa_NN nahIM_NEG milawA_VM ._VAUX " 
hin_test_022 " raNaWamBOra_DEM kilA_NN jayapura_DEM se_PSP karIba_RB 200_QF "_NNP ki.mI._NNP xUra_NNP hE_VAUX ._VAUX " 
hin_test_023 " jaMgala_NN meM_PSP vana_NN viBAga_PSP kI_PSP karIba_RB panxraha_QF cOkiyAz_NNP hEM_VM ._VAUX " 
hin_test_024 " yahAz_PRP eka_QC waraPa_NST barPa_RP ke_PSP suMxara_JJ gleSiyara_NN hEM_VAUX ._VAUX " 
hin_test_025 " isa_DEM saPara_NN kI_PSP SurUAwa_NN karawe_VM hEM_VAUX iMtaralekana_VAUX osta_VAUX se_PSP ._QC " 
hin_test_026 " binA_DEM cUke_NNP usakA_PRP tikata_RP le_VM lIjie_VAUX ._VAUX " 
hin_test_027 " skOYtalEMda_DEM KUbasUrawa_NNP kAsalsa_NNP (_NNP kiloM_NNP )_NNP kA_PSP xeSa_NN hE_VM ._VAUX " 
hin_test_028 " GumakkadZa_DEM logoM_NN ke_PSP lie_PSP yaha_DEM svarga_NN se_PSP baDZakara_QC hE_VM ._VAUX " 
hin_test_029 " lekina_DEM yahAz_PRP kA_PSP apanA_PRP maMwrImaMdala_RP hE_VM ._VAUX " 
hin_test_030 " garmiyoM_DEM meM_PSP yahAz_PRP kA_PSP mOsama_NN behaxa_INTF suhAvanA_JJ howA_VM hE_VAUX ._VAUX " 
hin_test_031 " piswro_DEM yahAz_PRP kI_PSP BARA_NN meM_PSP reswrAM_QC ko_PSP kahawe_VM hEM_VAUX ._VAUX " 
hin_test_032 " Ora_CC Apa_PRP perisa_RP kI_PSP KUbasUrawI_QC kA_PSP nayA_JJ rUpa_NN xeKeMge_PSP ._VAUX " 
hin_test_033 " vEse_PRP wo_RP perisa_NEG myUjiyamoM_VM kI_PSP BI_RP rAjaXAnI_NN hE_VM ._VAUX " 
hin_test_034 " lekina_DEM myUjiyama_NNP dI_NNP lavIsa_NNP inameM_PRP nAyAba_RP hE_VM ._VAUX " 
hin_test_035 " puloM_DEM para_PSP kI_PSP gaI_VAUX kArIgarI_VAUX xeKawe_VM hI_RP banawI_NEG hE_VM ._VAUX " 
hin_test_036 " lekina_DEM jannawa_NNP kI_PSP sEra_QC meM_PSP iwanA_QF hI_RP nahIM_NEG ._VM " 
hin_test_037 " yahAz_PRP kA_PSP rOYka_QC myUjika_JJ kAPI_QF lokapriya_JJ hE_VM ._VAUX " 
hin_test_038 " PloridA_DEM meM_PSP bAra_RP -_NEG bAra_RP wUPAna_NEG Awe_VM hEM_VAUX ._VAUX " 
hin_test_039 " bildiMga_DEM ko_PSP pUrI_JJ waraha_NN ultA_PSP banAyA_VM gayA_VAUX hE_VAUX ._VAUX " 
hin_test_040 " isakI_PRP Cawa_RP nIce_NST Ora_INTF nIMva_JJ Upara_NST hE_VM ._VAUX " 
hin_test_041 " bildiMga_DEM ke_PSP aMxara_QC Apake_PRP lie_PSP kAPI_QF kuCa_QF hE_VM ._VAUX " 
hin_test_042 " yaha_DEM Pilma_NN Ora_CC tIvI_RB sIriyala_NST besa_RP WIma_NNP pArka_NNP hE_VAUX ._VAUX " 
hin_test_043 " yahAz_PRP sArI_QF PilmeM_NN iMtarektiva_NNP sekSana_NNP meM_PSP raKI_QC gaI_VAUX hEM_VAUX ._VAUX " 
hin_test_044 " yahAz_PRP kaI_QF Pana_NN pEkda_NNP vOYtara_NNP rAidsa_NNP hEM_VAUX ._VAUX " 
hin_test_045 " samara_JJ yahAz_PRP kA_PSP pIka_QC mOsama_NN hE_VM ._VAUX " 
hin_test_046 " kahAz_DEM Tahare_NNP -_NNP " 
hin_test_047 " pIka_DEM deja_NNP meM_PSP bukiMga_QC kAPI_QF mazhagI_NN ho_VM jAwI_VAUX hE_VAUX ._VAUX " 
hin_test_048 " yaha_DEM nIxaralEMda_NN kI_PSP rAjaXAnI_NN hE_VM ._VAUX " 
hin_test_049 " yaha_DEM xuniyA_NN ke_PSP sabase_INTF raMgIna_JJ SaharoM_NST meM_PSP SumAra_QC hE_VM ._VAUX " 
hin_test_050 " yaha_DEM Sahara_NN kaI_QF KUbasUrawa_NN naharoM_NNP se_PSP judZA_VM hE_VAUX ._VAUX " 
hin_test_051 " yahAz_PRP kI_PSP KUbasUrawI_QC Ora_CC hariyAlI_RB xeKawe_VM hI_RP banawI_NEG hE_VM ._VAUX " 
hin_test_052 " em‍s‍tardama_DEM ke_PSP xakRiNa_NN meM_PSP prasixXa_JJ redalAita_NN ilAkA_VAUX hE_VAUX ._VAUX " 
hin_test_053 " yahAz_PRP seksa_RP varkiMga_JJ ko_PSP vyavasAya_NN kA_PSP xarjA_QC prApwa_JJ hE_VM ._VAUX " 
hin_test_054 " yahAz_PRP aneka_QF myUjiyama_NN hEM_VM ._VAUX " 
hin_test_055 " inameM_PRP se_PSP merItAima_QC myUjiyama_JJ kAPI_QF prasixGa_NN hE_VM ._VAUX " 
hin_test_056 " ise_PRP hOYlEMda_RP kA_PSP gArdana_QC kahA_VM jAwA_VAUX hE_VAUX ._VAUX " 
hin_test_057 " Aja_NN kile_PSP kA_PSP BagnAvaSeRa_QC svarUpa_JJ hI_RP SeRa_NEG hE_VM ._VAUX " 
hin_test_058 " yahAz_PRP kA_PSP sabase_INTF najaxIkI_JJ eyaraporta_NST jabalapura_RP hE_VM ._VAUX " 
hin_test_059 " kahAz_DEM Tahare_NNP ?_NNP " 
hin_test_060 " yaha_DEM kilA_NN rAjapUwI_PSP sWApawya_VAUX kalA_NN kA_PSP bejodZa_QC namUnA_JJ hE_VM ._VAUX " 
hin_test_061 " jEsalamera_DEM meM_PSP EsI_DEM kaI_QF haveliyAz_NN hEM_VM ._VAUX " 
hin_test_062 " jahAz_PRP sone_NN sI_RP camakawI_NEG hE_VM rewa..._VAUX " 
hin_test_063 " yahAz_PRP Apa_PRP botiMga_RP kA_PSP luwPa_QC BI_RP uTA_NEG sakawe_VAUX hEM_VAUX ._VAUX " 
hin_test_064 " yahAz_PRP kA_PSP nEsargika_QC sOMxarya_NN Apako_PRP aBiBUwa_RP kara_VM xegA_VAUX ._VAUX " 
hin_test_065 " yaha_DEM eka_QC nijI_JJ saMgrahAlaya_NST hE_VM ._VAUX " 
hin_test_066 " yahAz_PRP hEMdIkrAPta_RP kI_PSP amUlya_QC XarohareM_JJ saMgqhiwa_RP hEM_VAUX ._VAUX " 
hin_test_067 " yaha_DEM jagaha_NN kaBI_PRP jEsalamera_RP kI_PSP rAjaXAnI_NN huA_VM karawI_VAUX WI_VAUX ._VAUX " 
hin_test_068 " isake_PRP pAsa_NST hI_RP viSAla_JJ bAzXa_NN hE_VAUX ._VAUX " 
hin_test_069 " yaha_DEM pUrA_JJ ilAkA_NN nEsargika_VAUX sOMxarya_NN se_PSP paripUrNa_QC hE_VM ._VAUX " 
hin_test_070 " mugaloM_DEM kA_PSP yaha_DEM sabase_INTF pasaMxIxA_JJ Sahara_NN rahA_VM hE_VAUX ._VAUX " 
hin_test_071 " iwihAsa_NN BI_RP kuCa_QF kahawA_VM hE_VAUX -_VAUX " 
hin_test_072 " SukravAra_DEM ke_PSP xina_NN isakA_PRP muKya_JJ xvAra_NN baMxa_VAUX rahawA_VAUX hE_VAUX ._VAUX " 
hin_test_073 " isakA_PRP nirmANa_NN 1565_PSP "_VAUX I._VAUX meM_PSP akabara_QC ne_PSP karavAyA_QC WA_VM ._VAUX " 
hin_test_074 " sAzcI_DEM ,_NNP JAzsI_NNP -_NNP itArasI_NNP relamArga_NNP para_PSP sWiwa_JJ hE_VM ._VAUX " 
hin_test_075 " BopAla_JJ se_PSP sAzcI_QC kI_PSP xUrI_QC mAwra_JJ 46_RP "_VAUX kimI_VAUX hE_VAUX ._VAUX " 
hin_test_076 " BopAla_JJ se_PSP tEksiyAz_QC Ora_CC baseM_RB upalabXa_NST hEM_VM ._VAUX " 
hin_test_077 " kahAz_DEM TahareM_NNP ?_NNP " 
hin_test_078 " sAzcI_DEM meM_PSP Taharane_QC ke_PSP lie_PSP aneka_QF suviXAez_NN hEM_VM ._VAUX " 
hin_test_079 " nakalI_DEM gAidoM_NNP Ora_CC xalAloM_RB se_PSP sAvaXAna_QC raheM_JJ ._RP " 
hin_test_080 " ina_DEM paryatakoM_NN meM_PSP kuCa_QF sirPa_RB GUmane_QF Awe_VM hEM_VAUX ._VAUX " 
hin_test_081 " ciw‍wOdZa_DEM kA_PSP kilA_WQ eka_QC pahAdZI_NN para_PSP sWiwa_JJ hE_VM ._VAUX " 
hin_test_082 " yahAz_PRP eka_QC CotA_JJ -_NN sA_RP rahavAsI_NEG mohal‍lA_VM BI_RP hE_VM ._VAUX " 
hin_test_083 " isa_DEM nO_QC maMjilA_JJ s‍waMBa_NST meM_PSP lagaBaga_RB 157_QF "_NNP sIDiyAz_NNP hEM_VAUX ._VAUX " 
hin_test_084 " nOvIM_DEM maMjila_NNP para_PSP KUbasUrawa_QC JaroKe_JJ hEM_VM ._VAUX " 
hin_test_085 " yaha_DEM s‍waMBa_NN praWama_QO jEna_NN wIrWaMkara_PSP AxinAWajI_VAUX ko_PSP samarpiwa_QC hE_VM ._VAUX " 
hin_test_086 " vAs‍wava_DEM meM_PSP yaha_DEM maMxira_NN BagavAna_NN SrIkqR‍Na_PSP kA_PSP hE_VM ._VAUX " 
hin_test_087 " kile_DEM meM_PSP gOmuKa_QC nAmaka_JJ eka_QC wAla_JJ hE_VM ._VAUX " 
hin_test_088 " isalie_CC wAlAba_NN ko_PSP gOmuKa_QC nAma_NN xiyA_VM gayA_VAUX hE_VAUX ._VAUX " 
hin_test_089 " PilahAla_DEM yahAz_PRP havAI_XC addA_NNP nahIM_NEG hE_VM ._VAUX " 
hin_test_090 " isa_DEM xOrAna_NST yahAz_PRP kA_PSP mOsama_NN bahuwa_QF ac‍CA_JJ howA_VM hE_VAUX ._VAUX " 
hin_test_091 " ciwwOdZa_DEM eka_QC CotA_JJ ,_NN SAMwa_JJ Ora_CC sas‍wA_RB Sahara_NN hE_VM ._VAUX " 
hin_test_092 " ise_PRP '_RP arorA_JJ borelisa_NNP '_NNP kahawe_VM hEM_VAUX ._VAUX " 
hin_test_093 " yaha_DEM gAzva_NN saMsAra_NN kA_PSP sabase_INTF uwwarI_JJ gAzva_NN hE_VAUX ._VAUX " 
hin_test_094 " agale_DEM xina_NN hama_PRP loga_NN trAmso_PSP pahuzce_VAUX ._VAUX " 
hin_test_095 " Arkatika_DEM sarkala_NNP eka_QC kAlpanika_JJ reKA_NN hE_VAUX ._VAUX " 
hin_test_096 " agale_DEM xina_NN hama_PRP loga_NN oldena_PSP pahuzce_VAUX ._VAUX " 
hin_test_097 " briksadalena_DEM gleSiyara_NNP lAKoM_NNP sAla_NN purAnA_JJ hE_VM ._VAUX " 
hin_test_098 " jostedalsabrIna_DEM gleSiyara_NNP uwwarI_JJ yorapa_NN kA_PSP sabase_INTF badZA_JJ gleSiyara_NN hE_VAUX ._VAUX " 
hin_test_099 " yahAz_PRP gIwa_NN gAwe_PSP hEM_VAUX ,_VAUX paw‍Wara_VAUX BI..._VAUX ._VAUX " 
hin_test_100 " BArawIya_JJ s‍WApaw‍ya_NN kA_PSP bejoda_QC uxAharaNa_NN KajurAho_PSP ke_PSP pramuKa_JJ maMxira_NN ._NNP " 
