tel_test_001 " xAxApu_RB anni_QF samayAlalonU_QC '_QC koVMgunAdu_QC '_QC oVka_JJ viSiRtamEna_NN svawaMwra_NN prawipawwini_INJ nilupukoVMxi_QC ._QC " 
tel_test_002 " vyavasAya_NN praXAnamEna_JJ I_DEM prAMwAlalo_NN ippatikI_NST sAMskqwika_NN vilakRaNawa_INJ kanipiswuMxi_VM ._JJ " 
tel_test_003 " krI_DEM ._NN pU._QC 6_QC "va_QC SawAbxaMlo_QC maxurE_QC ,_QC wirunalveli_QC keMxraMgA_QC kulaSeKarudu_QC sWApiMcina_QC pAMdyarAjyaM_QC varWilliMxi_QC ._QC " 
tel_test_004 " vAri_PRP kAlaMlo_NN grIsu_INJ ,_QC romulawo_QC vANijya_NN saMbaMXAlu_INJ uMdevi_QC ._QC " 
tel_test_005 " waruvAwa_RB cera_VM malabAru_WQ wIra_WQ prAMwaMlo_NN rAjyaM_NN elAru_INJ ._QC " 
tel_test_006 " ixi_PRP sEnikaMgA_JJ balamEna_QC rAjyaM_NN ._INJ " 
tel_test_007 " vAri_PRP kAlaMlo_NN roMwo_INJ vANijyaM_QC mariMwa_QF aBivqxXiceVMxiMxi_QC ._QC " 
tel_test_008 " krI.Sa._DEM 19_NN "_QC va_QC SawAbxaM_QC ,_QC 14_QC "_QC va_QC SawAbxaMvaraku_QC colYarAjulu_QC pAliMcAru_QC ._QC " 
tel_test_009 " karikAla_DEM colYudu_NN vArilo_QC prasixXudu_QC ._QC " 
tel_test_010 " A_DEM kAlaMlone_NN kAveri_QC naxipE_QC Anakatta_QC kattAru_QC ._QC " 
tel_test_011 " ixi_PRP appati_NST sAMkewikawa_VM prajFaku_WQ cihnaM_WQ ._QC " 
tel_test_012 " 4_DEM "_NN va_QC SawAbxaMlo_QC xakRiNApaWaMaMwA_QC pallavula_QC aXInaMlo_QC uMxi_VM ._JJ " 
tel_test_013 " maheMxra_DEM varma_NN ,_QC narasiMha_NNP varma_PSP vIrilo_WQ prasixXulu_WQ ._WQ " 
tel_test_014 " ixi_PRP xakRiNApaWaMlo_JJ SilpAniki_QC svarNayugaM_QC ._QC " 
tel_test_015 " waruvAwa_RB awani_PRP kumArudu_NN rAjeMxracolYuni_INJ nAyakawvaMlo_QC ,_QC colYula_QC rAjyaM_NN balaMgA_INJ viswariMciMxi_VM ._JJ " 
tel_test_016 " colYula_DEM sAmrAjyaM_NN oVrissA_NNP ,_PSP beVMgAlu_WQ ,_WQ bIhArulavaraku_WQ viswariMciMxi_VM ._JJ " 
tel_test_017 " wUrpu_NN cAlYukyulanu_INJ ,_QC cerarAjulanu_QC ,_QC pAMdyarAjulanu_QC odiMcAru_QC ._QC " 
tel_test_018 " laMka_DEM ,_NN aMdamAn_QC -_QC nikobAr_QC xIvulu_QC ,_QC lakRa_QC xvIpAlu_QC ,_QC sumawrA_QC ,_QC jAvA_QC ,_QC malayA_QC ,_QC peVgU_QC xvIpAlanu_QC colYarAjulu_QC wama_PRP aXInaMloki_JJ weVccukoVnnAru_QC ._QC " 
tel_test_019 " 13_DEM "_NN va_QC SawAbxaMlo_QC colYula_QC pAlana_QC aswamiMciMxi_QC ._QC " 
tel_test_020 " 14_DEM "_NN va_QC SawAbxaMlo_QC marala_QC moVxalEna_QC pAMdyarAjula_QC pAlana_QC uwwarAxinuMdi_QC '_QC KiljI_QC '_QC xaMdayAwralavalana_QC wvaralone_QC aMwariMciMxi_QC ._QC " 
tel_test_021 " waruvAwa_RB xakkan_VM prAMwaMlo_NN bahamanI_INJ sulwAnula_QC rAjyaM_NN velYlUnukuMxi_INJ ._QC " 
tel_test_022 " waxanaMwaraM_DEM haMpi_NN keMxraMgA_QC vijayanagara_NNP sAmrAjyaM_NN xakRiNApaWaM_INJ aMwA_QF nadaciMxi_QC ._QC " 
tel_test_023 " vAru_PRP nAyakar_JJ ,_QC nAyagan_QC nAyakula_QC sahAyaMwo_QC elubadi_QC sAgiMcaru_QC ._QC " 
tel_test_024 " 1564_DEM "lo_NN walYlikota_QC yuxXaMwo_QC vijayanagarasAmrAjyaM_QC aMwariMciMxi_QC ._QC " 
tel_test_025 " wamilYanAta_DEM cAlA_INTF prAMwAlu_JJ svawaMwra_NN nAyakula_INJ aXInaMlo_QC cinna_JJ cinna_JJ rAjyAlugA_NN unnAyi_VM ._JJ " 
tel_test_026 " maxurE_DEM ,_NN waMjAvUru_NNP nAyakulu_PSP goVppa_JJ AlayAlu_NN nirmiMpajeSAru_INJ ._QC " 
tel_test_027 " ika_RP EropAvAri_NEG yugaM_NN AraMBaM_INJ EMxi_QC ._QC " 
tel_test_028 " 1609_DEM "lo_NN daccivAru_QC pulikAtvaxxa_QC oVka_JJ sWAvarAnni_NN erpAtu_NN cesukoVnnAru_INJ ._QC " 
tel_test_029 " 1639_DEM "lo_NN britiR_QC IstiMdiyA_QC kaMpeVnIvAru_QC maxrAsulo_NNP sWAvaraM_PSP neVlakoVlipAru_WQ ._WQ " 
tel_test_030 " sWAnika_DEM nAyakula_NN maXya_NST wagavulu_VM britiRvAri_WQ viswaraNaku_WQ maMci_JJ avakASaM_NN iccAyi_INJ ._QC " 
tel_test_031 " appatinuMdi_RB maxrAsu_NNP preVsideVnsI_PSP rUpuxixxukuMxi_WQ ._WQ " 
tel_test_032 " vIrapAMdya_DEM kattaboVmmana_NN ,_QC mAruwus_QC ,_QC puliwevan_QC vaMti_RP koVMxaru_NEG pAleVgAlYlu_RP britiR_NEG IstiMdiyA_WQ kaMpeVnIni_QC eVxiriMci_QC vIrociwaMgA_QC porAdAru_QC ._QC " 
tel_test_033 " britiR_DEM rAjyaM_NN kAlaMlo_NN viSAlamEna_INJ maxrAsu_NNP preVsideVnsIlo_PSP ippati_NST wamilYanAduwobAtu_VM AMXra_NNP ,_PSP karNAtaka_NNP ,_PSP keralYalaloni_WQ koVnni_QF BAgAlu_NN kalisivuMdevi_INJ ._QC " 
tel_test_034 " BARA_DEM prAwipaxikana_NN 1953_QC "lo_QC weVlugu_NN mAtlAde_VM prAMwAlanu_NN AMXra_NNP rARtraMgA_PSP viBajiMcAru_WQ ._WQ " 
tel_test_035 " balYlAri_DEM prAMwaM_NN mEsUru_INJ rARtraMlo_NN kalupabadiMxi_INJ ._QC " 
tel_test_036 " 1956_DEM "lo_NN maxrAsu_NNP rARtraMloni_NN paScimaBAgAlu_INJ koVnni_QF keralYa_QC ,_QC mEsUru_QC rARtrAlalo_QC kalupabaddAyi_QC ._QC " 
tel_test_037 " 1968_DEM "lo_NN maxrAsu_NNP rARtrAniki_NN "_INJ wamilYanAdu_NN "_INJ ani_UT peru_NN mArcAru_VM ._JJ " 
tel_test_038 " wamilYa_NN BARa_NN ,_INJ saMskqwi_NNP wamilYanAdu_NN rAjakIyAlalo_NN ippatikI_NST praXAnamEna_JJ aMSAlu_NN ._INJ " 
tel_test_039 " loksaBa_DEM niyojaka_NN vargAlu_NN 39_INJ "_QC ._QC " 
tel_test_040 " aseVMblI_NN niyojaka_NN vargAlu_NN 234_INJ "_QC ._QC " 
tel_test_041 " 1967_DEM "lo_NN prAMwIya_NN pArtIlu_NN wamilYanAdu_NN rAjakIyAlalo_NN pramuKa_JJ sWAnAnni_NN vahiswunnAyi_INJ ._QC " 
tel_test_042 " 1916_DEM "lo_NN erpadina_QC xakRiNa_NN BArawa_NNP saMkRema_PSP saMGaM_NN kramaMgA_RB '_VM jastis_WQ pArtI_NN avawariMciMxi_INJ ._QC " 
tel_test_043 " ixi_PRP rAjakIya_NN pArtI_NN kAxu_NEG ._RP " 
tel_test_044 " appati_NST nAyakulu_VM annAxurE_WQ ,_WQ peVriyArla_QC maXya_NST viBexAla_VM kAraNaMgA_WQ I_DEM pArtI_NN reVMdugA_INJ cIliMxi_QC ._QC " 
tel_test_045 " annAxurE_DEM nAyakawvaMlo_NN '_QC xravida_NN munnetra_INJ kajagaM_QC '_QC pArtI_NN 1956_INJ "_QC eVnnikalaloki_QC xigiMxi_QC ._QC " 
tel_test_046 " 1960_DEM "_NN xaSakaMlo_QC jarigina_VM hiMxI_NN vyawireka_INJ AMxolYana_QC samayaMlo_NN di._INJ yam_QC ._QC keV_QC balaM_QC puMjukuMxi_QC ._QC " 
tel_test_047 " 1967_DEM "lo_NN kAMgresunu_QC ciwwugA_QC odiMci_QC aXikAraM_QC kEvasaM_QC cesukuMxi_QC ._QC " 
tel_test_048 " 1969_DEM "lo_NN annAxurE_QC maraNiMcadaMwo_QC muKyamaMwri_NN ayyAdu_VM ._JJ " 
tel_test_049 " 1977_DEM "nuMci_NN 1987_QC "xAkA_QC eVm._QC ji._QC Ar._QC muKyamaMwrigA_QC unnAdu_VM ._JJ " 
tel_test_050 " 1987_DEM "lo_NN eVm._QC ji._QC Ar._QC maraNAnaMwaraMwo_QC pArtIlo_QC saMkRoBaM_QC erpadiMxi_VM ._JJ " 
tel_test_051 " jayalaliwa_DEM nAyakawvaMlo_NN eV.E.F.di.eVm.keV._QC sWirapadiMxi_QC ._QC " 
tel_test_052 " SrI_NNP laMkaloni_PSP wamilYula_WQ samasya_NN wamilYanAdu_NN rAjakIyAlapE_INJ gaNanIyamEna_QC praBAvaM_NN kaligiuMxi_INJ ._QC " 
tel_test_053 " boVMbAyi_DEM (bAlIvud)_NN waruvAwa_RB ceVnnE_NNP BArawaxeSaMlo_NNP sinimA_NN raMgAniki_INJ muKyamEna_JJ nilayaM_NN ._INJ " 
tel_test_054 " sinimA_NN raMgAniki_INJ saMbaMXiMcina_VM saxupAyAlu_JJ eVkkuvagA_JJ '_NN kodaMbAkaM_INJ '_QC prAMwaMlo_NN unnaMxuna_INJ wamilYanAdu_NN sinimA_NN raMgAnni_INJ '_QC kolIvud_QC '_QC ani_UT camawkariswAru_WQ ._WQ " 
tel_test_055 " oVkappudu_NST nAlugu_QC xakRiNa_NN BArawa_NNP BARalakU_PSP maxrAse_WQ praXAna_JJ sinimA_NN pariSrama_INJ keMxraM_NN ._INJ " 
tel_test_056 " ippudu_NST wakkina_VM rARtrAlalo_WQ ciwra_NN pariSrama_INJ vqxXi_QC ceVMxinaMxuvalla_QC '_QC ceVnnE_NNP '_PSP prAmuKyawa_NN kAswa_INJ palacabadiMxi_QC ._QC " 
tel_test_057 " ika_RP wamilYanAdu_NN rAjakIyAlalo_NN sinimA_NN praBAvaM_NN prapaMcaMlo_NN mari_RP eVkkada_NEG lenaMwa_RP prabalaM_NEG ._WQ " 
tel_test_058 " xAxApu_RB sinIpariSrama_VM ,_WQ rAjakIya_NN raMgaM_INJ kalagalipi_QC uMtunnAyi_QC ._QC " 
tel_test_059 " BArawa_NNP xeSaM_NN ArWika_INJ vyavasWalo_NN wamilYanAdu_NN mUdava_JJ sWAnaM_NN AkramiswuMxi_INJ ._QC " 
tel_test_060 " pAriSrAmikaM_DEM gAnU_NN ,_QC vyApAra_NN paraMgAnU_INJ wamilYanAdu_NN bahumuKaMgA_INJ aBivqxXi_NN ceVMxiMxi_VM ._JJ " 
tel_test_061 " vaswrAlaku_DEM saMbaMXiMcina_VM vyavasAyowpawwulu_JJ ,_QC yaMwrAlu_QC ,_QC mudisarukulu_QC ,_QC vaswrAla_QC karmAgArAlu_QC ,_QC cenewa_QC kArmikulu_QC wamilYanAdu_NN ArWikA_INJ raMgaMlo_QC muKyamEna_JJ vanarulu_NN ._INJ " 
tel_test_062 " oVkka_JJ wirupUr_NN pattaNaMnuMde_INJ 2004_QC "lo_QC 5_QC "_QC vela_QC kotla_QC viluvEna_QC vaswrAlu_QC vixeSAlaku_QC eVgumawi_NN ayyAyi_INJ ._QC " 
tel_test_063 " ikkada_NST 7_VM ",000_WQ "_WQ xuswula_QC pariSramalu_NN 10_INJ "_QC lakRala_QC kArmikulaku_QC upAXi_QC kalpiswuMxi_QC ._QC " 
tel_test_064 " ceVnnE_NNP cuttuprakkala_PSP iMjinIriMg_WQ uwpawwula_WQ pariSramalu_NN iwoXikaMgA_INJ unnAyi_VM ._JJ " 
tel_test_065 " SivakASi_DEM pattaNaM_NN muxraNa_INJ ,_QC bANasaMcA_QC ,_QC aggipeVtteVla_QC pariSramalaku_QC BArawaxeSaMlo_NNP agragAmi_PSP ._WQ " 
tel_test_066 " I_DEM -_NN paripAlana_NN praBuwva_NN sevalanu_NN kaMpyUtarIkariMcadaMlo_INJ wamilYanAdu_NN agragAmi_INJ ._QC " 
tel_test_067 " iMkA_INTF ceVnnE_NNP vExya_PSP pariSoXana_NN ,_INJ vixyA_NN keMxraMgA_INJ aBivqxXi_NN ceVMxuwuMxi_INJ ._QC " 
tel_test_068 " muKyaMgA_DEM prAWamika_NN vixyaku_INJ praBuwva_NN XanaM_INJ bAgA_JJ viniyogiMpabaduwU_NN uMxi_VM ._JJ " 
tel_test_069 " '_DEM badi_NN pillalaku_NN maXyAhna_INJ BojanaM_QC '_QC ane_UT paWakaM_WQ wamilYanAdulone_WQ prAraMBaM_NN EMxi_INJ ._QC " 
tel_test_070 " ika_RP sAmAjika_NN aMSAlalo_INJ veVnukabAtuwanaM_QC koVnni_QF viRayAlalo_QC koVttavaccinatlu_QC kanipiswuMxi_VM ._JJ " 
tel_test_071 " ninna_DEM mAtlAdina_NN rAmArAvu_NNP nA_PRP snehiwudu_JJ ._QC " 
tel_test_072 " UriniMci_DEM oVccina_NN nalYini_QC mA_PRP ceVlleVlu_JJ ._QC " 
tel_test_073 " ninna_DEM pArkulo_NN kanipiMcina_QC dAkatarugAru_QC cAlA_INTF peVxxamaniRi_JJ ._WQ " 
tel_test_074 " pani_NN cesina_VM rAmmUrwi_JJ maMcivAdu_QC ._QC " 
tel_test_075 " rAmmUrwi_DEM cesina_VM pani_NN bAgA_JJ lexu_VM ._JJ " 
tel_test_076 " pAta_NN pAdina_INJ saroja_QC mARtArugAri_QC ammAyi_QC ._QC " 
tel_test_077 " saroja_DEM pAdina_NN pAta_NN cAlA_INTF bAguMxi_VM ._JJ " 
tel_test_078 " kAru_DEM koVnna_NN proVPeVsarugAru_QC jarmanI_NNP veVlYlAru_PSP ._WQ " 
tel_test_079 " proVPeVsarugAru_DEM koVnna_NN kAru_QC koVwwaxi_QC ._QC " 
tel_test_080 " uwwaraM_DEM rAsina_VM nA_PRP snehiwudu_JJ guMtUrulo_QC unnAdu_VM ._JJ " 
tel_test_081 " nA_PRP snehiwudu_JJ rAsina_VM uwwaraM_JJ ceriMxi_VM ._JJ " 
tel_test_082 " SaMkarayya_DEM wAguwAdu_NN ._QC " 
tel_test_083 " wAge_DEM SaMkarayya_NN ._QC " 
tel_test_084 " SaMkarayya_DEM rojU_NN wAguwAdu_QC ._QC " 
tel_test_085 " rojU_DEM wAge_NN SaMkarayya_QC ._QC " 
tel_test_086 " prawi_JJ saMvawsaraM_NN eVnnikalu_INJ jaruguwAy_QC ._QC " 
tel_test_087 " jarige_VM eVnnikalu_JJ ._QC " 
tel_test_088 " eVnnikalu_DEM malYlI_RB jaruguwAy_VM ._WQ " 
tel_test_089 " malYlI_RB jarige_VM eVnnikalu_JJ ._QC " 
tel_test_090 " ammAyi_DEM eduswuMxi_NN ._QC " 
tel_test_091 " edice_DEM ammAyi_NN mA_PRP ammAyi_JJ ._QC " 
tel_test_092 " ammAyi_DEM eVppudU_WQ eduswuMxi_WQ ._WQ " 
tel_test_093 " eVppudU_WQ edice_WQ ammAyi_WQ mA_PRP ammAyi_JJ ._QC " 
tel_test_094 " kamala_DEM kaXalu_NN rAswuMxi_QC ._QC " 
tel_test_095 " kaXalu_DEM rAse_NN kamala_QC mA_PRP ammAyi_JJ ._QC " 
tel_test_096 " kamala_DEM rAse_NN kaXalu_QC maMcivi_QC ._QC " 
tel_test_097 " devid_DEM maMxulu_NN ammuwAdu_QC ._QC " 
tel_test_098 " maMxulu_DEM amme_NN devid_QC mA_PRP wammudu_JJ ._QC " 
tel_test_099 " devid_DEM amme_NN maMxulu_QC maMcivi_QC ._QC " 
tel_test_100 " pillalu_NN Atalu_INJ AdawAru_QC ._QC " 
